\BOOKMARK [1][]{section.1}{\376\377\000I\000n\000t\000r\000o\000d\000u\000c\000t\000i\000o\000n}{}% 1
\BOOKMARK [1][]{section.2}{\376\377\000L\000i\000t\000e\000r\000a\000t\000u\000r\000e\000\040\000R\000e\000v\000i\000e\000w}{}% 2
\BOOKMARK [2][]{subsection.2.1}{\376\377\000P\000a\000p\000e\000r\000s\000\040\000a\000n\000d\000\040\000w\000o\000r\000k\000\040\000t\000h\000a\000t\000\040\000h\000e\000a\000v\000i\000l\000y\000\040\000i\000n\000f\000l\000u\000e\000n\000c\000e\000\040\000o\000u\000r\000\040\000w\000o\000r\000k}{section.2}% 3
\BOOKMARK [2][]{subsection.2.2}{\376\377\000I\000n\000\040\0002\0000\0000\0008\000\040\000t\000o\000\040\0002\0000\0002\0000\000,\000\040\000w\000h\000a\000t\000\040\000c\000o\000u\000n\000t\000r\000i\000e\000s\000\040\000d\000i\000d\000\040\000C\000a\000n\000a\000d\000i\000a\000n\000\040\000i\000m\000m\000i\000g\000r\000a\000n\000t\000s\000\040\000c\000o\000m\000e\000\040\000f\000r\000o\000m}{section.2}% 4
\BOOKMARK [2][]{subsection.2.3}{\376\377\000[\000T\000I\000M\000]\000\040\000S\000c\000r\000e\000e\000n\000i\000n\000g\000\040\000P\000r\000o\000c\000e\000d\000u\000r\000e\000\040\000i\000n\000\040\000C\000a\000n\000a\000d\000a\000\040\000\050\000a\000n\000d\000\040\000o\000t\000h\000e\000r\000\040\000l\000o\000w\000-\000i\000n\000c\000i\000d\000e\000n\000c\000e\000\040\000c\000o\000u\000n\000t\000r\000i\000e\000s}{section.2}% 5
\BOOKMARK [2][]{subsection.2.4}{\376\377\000T\000B\000\040\000R\000e\000a\000c\000t\000i\000v\000a\000t\000i\000o\000n\000\040\000-\000\040\000r\000e\000l\000a\000p\000s\000e\000\040\000a\000n\000d\000\040\000r\000e\000i\000n\000f\000e\000c\000t\000i\000o\000n\000\040\000[\000K\000e\000z\000i\000a\000,\000\040\000a\000d\000d\000\040\000t\000o\000\040\000t\000h\000i\000s\000]}{section.2}% 6
\BOOKMARK [1][]{section.3}{\376\377\000T\000h\000e\000\040\000C\000o\000m\000p\000a\000r\000t\000m\000e\000n\000t\000a\000l\000\040\000M\000o\000d\000e\000l}{}% 7
\BOOKMARK [2][]{subsection.3.2}{\376\377\000B\000i\000o\000l\000o\000g\000y\000\040\000a\000n\000d\000\040\000P\000a\000r\000a\000m\000e\000t\000e\000r\000s\000\040\000f\000o\000r\000\040\000S\000i\000m\000u\000l\000a\000t\000i\000o\000n}{section.3}% 9
\BOOKMARK [3][]{subsubsection.3.2.1}{\376\377\000I\000n\000f\000e\000c\000t\000i\000v\000i\000t\000y\000\040}{subsection.3.2}% 10
\BOOKMARK [3][]{subsubsection.3.2.2}{\376\377\000L\000a\000t\000e\000n\000t\000\040\000T\000u\000b\000e\000r\000c\000u\000l\000o\000s\000i\000s}{subsection.3.2}% 11
\BOOKMARK [1][]{section.4}{\376\377\000A\000n\000a\000l\000y\000s\000i\000s}{}% 12
\BOOKMARK [2][]{subsection.4.1}{\376\377\000E\000s\000t\000i\000m\000a\000t\000i\000o\000n}{section.4}% 13
\BOOKMARK [2][]{subsection.4.2}{\376\377\000S\000e\000n\000s\000i\000t\000i\000v\000i\000t\000y}{section.4}% 14
\BOOKMARK [1][]{section.5}{\376\377\000S\000i\000m\000u\000l\000a\000t\000i\000o\000n\000\040\000a\000n\000d\000\040\000R\000e\000s\000u\000l\000t\000s}{}% 15
\BOOKMARK [2][]{subsection.5.1}{\376\377\000D\000e\000f\000i\000n\000i\000n\000g\000\040\000t\000h\000e\000\040\000l\000o\000s\000s\000\040\000f\000u\000n\000c\000t\000i\000o\000n}{section.5}% 16
\BOOKMARK [2][]{subsection.5.2}{\376\377\000D\000e\000t\000e\000r\000m\000i\000n\000i\000n\000g\000\040\000I\000n\000i\000t\000i\000a\000l\000\040\000C\000o\000n\000d\000i\000t\000i\000o\000n\000s}{section.5}% 17
\BOOKMARK [3][]{subsubsection.5.2.1}{\376\377\000I\000n\000c\000l\000u\000d\000i\000n\000g\000\040\000E\0000\000\040\000a\000n\000d\000\040\000L\0000\000\040\000a\000s\000\040\000p\000a\000r\000a\000m\000e\000t\000e\000r\000s\000\040\000i\000n\000\040\000t\000h\000e\000\040\000s\000o\000l\000v\000e\000r}{subsection.5.2}% 18
\BOOKMARK [3][]{subsubsection.5.2.2}{\376\377\000S\000e\000t\000t\000i\000n\000g\000\040\000E\0000\000\040\000a\000n\000d\000\040\000L\0000\000\040\000b\000a\000s\000e\000d\000\040\000o\000n\000\040\000i\000n\000c\000i\000d\000e\000n\000c\000e}{subsection.5.2}% 19
\BOOKMARK [3][]{subsubsection.5.2.3}{\376\377\000P\000o\000i\000n\000t\000w\000i\000s\000e\000\040\000s\000t\000a\000t\000i\000o\000n\000a\000r\000y\000\040\000a\000p\000p\000r\000o\000x\000i\000m\000a\000t\000i\000o\000n}{subsection.5.2}% 20
\BOOKMARK [2][]{subsection.5.3}{\376\377\000O\000p\000t\000i\000m\000i\000z\000a\000t\000i\000o\000n\000\040\000R\000e\000s\000u\000l\000t\000s}{section.5}% 21
\BOOKMARK [2][]{subsection.5.4}{\376\377\000S\000e\000n\000s\000i\000t\000i\000v\000i\000t\000y\000\040\000A\000n\000a\000l\000y\000s\000i\000s}{section.5}% 22
\BOOKMARK [1][]{section.6}{\376\377\000C\000o\000n\000c\000l\000u\000s\000i\000o\000n\000s}{}% 23
\BOOKMARK [2][]{section*.2}{\376\377\000A\000c\000k\000n\000o\000w\000l\000e\000d\000g\000m\000e\000n\000t\000s}{section.6}% 24
