This is pdfTeX, Version 3.141592653-2.6-1.40.24 (MiKTeX 22.8.28) (preloaded format=pdflatex 2022.9.29)  17 JAN 2024 14:33
entering extended mode
 restricted \write18 enabled.
 %&-line parsing enabled.
**"./Optimizing a High-Dimension Compartment ODE Model - v2.tex"
(Optimizing a High-Dimension Compartment ODE Model - v2.tex
LaTeX2e <2022-06-01> patch level 5
L3 programming layer <2022-08-30>
(C:\Program Files\MiKTeX\tex/latex/base\article.cls
Document Class: article 2021/10/04 v1.4n Standard LaTeX document class
(C:\Program Files\MiKTeX\tex/latex/base\size10.clo
File: size10.clo 2021/10/04 v1.4n Standard LaTeX file (size option)
)
\c@part=\count185
\c@section=\count186
\c@subsection=\count187
\c@subsubsection=\count188
\c@paragraph=\count189
\c@subparagraph=\count190
\c@figure=\count191
\c@table=\count192
\abovecaptionskip=\skip47
\belowcaptionskip=\skip48
\bibindent=\dimen138
)
(C:\Program Files\MiKTeX\tex/latex/geometry\geometry.sty
Package: geometry 2020/01/02 v5.9 Page Geometry

(C:\Program Files\MiKTeX\tex/latex/graphics\keyval.sty
Package: keyval 2022/05/29 v1.15 key=value parser (DPC)
\KV@toks@=\toks16
)
(C:\Program Files\MiKTeX\tex/generic/iftex\ifvtex.sty
Package: ifvtex 2019/10/25 v1.7 ifvtex legacy package. Use iftex instead.

(C:\Program Files\MiKTeX\tex/generic/iftex\iftex.sty
Package: iftex 2022/02/03 v1.0f TeX engine tests
))
\Gm@cnth=\count193
\Gm@cntv=\count194
\c@Gm@tempcnt=\count195
\Gm@bindingoffset=\dimen139
\Gm@wd@mp=\dimen140
\Gm@odd@mp=\dimen141
\Gm@even@mp=\dimen142
\Gm@layoutwidth=\dimen143
\Gm@layoutheight=\dimen144
\Gm@layouthoffset=\dimen145
\Gm@layoutvoffset=\dimen146
\Gm@dimlist=\toks17

(C:\Program Files\MiKTeX\tex/latex/geometry\geometry.cfg))
(C:\Program Files\MiKTeX\tex/latex/graphics\graphicx.sty
Package: graphicx 2021/09/16 v1.2d Enhanced LaTeX Graphics (DPC,SPQR)

(C:\Program Files\MiKTeX\tex/latex/graphics\graphics.sty
Package: graphics 2022/03/10 v1.4e Standard LaTeX Graphics (DPC,SPQR)

(C:\Program Files\MiKTeX\tex/latex/graphics\trig.sty
Package: trig 2021/08/11 v1.11 sin cos tan (DPC)
)
(C:\Program Files\MiKTeX\tex/latex/graphics-cfg\graphics.cfg
File: graphics.cfg 2016/06/04 v1.11 sample graphics configuration
)
Package graphics Info: Driver file: pdftex.def on input line 107.

(C:\Program Files\MiKTeX\tex/latex/graphics-def\pdftex.def
File: pdftex.def 2020/10/05 v1.2a Graphics/color driver for pdftex
))
\Gin@req@height=\dimen147
\Gin@req@width=\dimen148
)
(C:\Program Files\MiKTeX\tex/latex/hyperref\hyperref.sty
Package: hyperref 2022-09-22 v7.00t Hypertext links for LaTeX

(C:\Program Files\MiKTeX\tex/generic/ltxcmds\ltxcmds.sty
Package: ltxcmds 2020-05-10 v1.25 LaTeX kernel commands for general use (HO)
)
(C:\Program Files\MiKTeX\tex/generic/pdftexcmds\pdftexcmds.sty
Package: pdftexcmds 2020-06-27 v0.33 Utility functions of pdfTeX for LuaTeX (HO
)

(C:\Program Files\MiKTeX\tex/generic/infwarerr\infwarerr.sty
Package: infwarerr 2019/12/03 v1.5 Providing info/warning/error messages (HO)
)
Package pdftexcmds Info: \pdf@primitive is available.
Package pdftexcmds Info: \pdf@ifprimitive is available.
Package pdftexcmds Info: \pdfdraftmode found.
)
(C:\Program Files\MiKTeX\tex/generic/kvsetkeys\kvsetkeys.sty
Package: kvsetkeys 2019/12/15 v1.18 Key value parser (HO)
)
(C:\Program Files\MiKTeX\tex/generic/kvdefinekeys\kvdefinekeys.sty
Package: kvdefinekeys 2019-12-19 v1.6 Define keys (HO)
)
(C:\Program Files\MiKTeX\tex/generic/pdfescape\pdfescape.sty
Package: pdfescape 2019/12/09 v1.15 Implements pdfTeX's escape features (HO)
)
(C:\Program Files\MiKTeX\tex/latex/hycolor\hycolor.sty
Package: hycolor 2020-01-27 v1.10 Color options for hyperref/bookmark (HO)
)
(C:\Program Files\MiKTeX\tex/latex/letltxmacro\letltxmacro.sty
Package: letltxmacro 2019/12/03 v1.6 Let assignment for LaTeX macros (HO)
)
(C:\Program Files\MiKTeX\tex/latex/auxhook\auxhook.sty
Package: auxhook 2019-12-17 v1.6 Hooks for auxiliary files (HO)
)
(C:\Program Files\MiKTeX\tex/latex/hyperref\nameref.sty
Package: nameref 2022-05-17 v2.50 Cross-referencing by name of section

(C:\Program Files\MiKTeX\tex/latex/refcount\refcount.sty
Package: refcount 2019/12/15 v3.6 Data extraction from label references (HO)
)
(C:\Program Files\MiKTeX\tex/generic/gettitlestring\gettitlestring.sty
Package: gettitlestring 2019/12/15 v1.6 Cleanup title references (HO)

(C:\Program Files\MiKTeX\tex/latex/kvoptions\kvoptions.sty
Package: kvoptions 2022-06-15 v3.15 Key value format for package options (HO)
))
\c@section@level=\count196
)
\@linkdim=\dimen149
\Hy@linkcounter=\count197
\Hy@pagecounter=\count198

(C:\Program Files\MiKTeX\tex/latex/hyperref\pd1enc.def
File: pd1enc.def 2022-09-22 v7.00t Hyperref: PDFDocEncoding definition (HO)
Now handling font encoding PD1 ...
... no UTF-8 mapping file for font encoding PD1
)
(C:\Program Files\MiKTeX\tex/generic/intcalc\intcalc.sty
Package: intcalc 2019/12/15 v1.3 Expandable calculations with integers (HO)
)
(C:\Program Files\MiKTeX\tex/generic/etexcmds\etexcmds.sty
Package: etexcmds 2019/12/15 v1.7 Avoid name clashes with e-TeX commands (HO)
)
\Hy@SavedSpaceFactor=\count199

(C:\Program Files\MiKTeX\tex/latex/hyperref\puenc.def
File: puenc.def 2022-09-22 v7.00t Hyperref: PDF Unicode definition (HO)
Now handling font encoding PU ...
... no UTF-8 mapping file for font encoding PU
)
Package hyperref Info: Hyper figures OFF on input line 4162.
Package hyperref Info: Link nesting OFF on input line 4167.
Package hyperref Info: Hyper index ON on input line 4170.
Package hyperref Info: Plain pages OFF on input line 4177.
Package hyperref Info: Backreferencing OFF on input line 4182.
Package hyperref Info: Implicit mode ON; LaTeX internals redefined.
\stockwidth=\dimen150
\stockheight=\dimen151
Package hyperref Info: Bookmarks ON on input line 4410.
\c@Hy@tempcnt=\count266

(C:\Program Files\MiKTeX\tex/latex/url\url.sty
\Urlmuskip=\muskip16
Package: url 2013/09/16  ver 3.4  Verb mode for urls, etc.
)
LaTeX Info: Redefining \url on input line 4748.
\XeTeXLinkMargin=\dimen152

(C:\Program Files\MiKTeX\tex/generic/bitset\bitset.sty
Package: bitset 2019/12/09 v1.3 Handle bit-vector datatype (HO)

(C:\Program Files\MiKTeX\tex/generic/bigintcalc\bigintcalc.sty
Package: bigintcalc 2019/12/15 v1.5 Expandable calculations on big integers (HO
)
))
\Fld@menulength=\count267
\Field@Width=\dimen153
\Fld@charsize=\dimen154
Package hyperref Info: Hyper figures OFF on input line 6027.
Package hyperref Info: Link nesting OFF on input line 6032.
Package hyperref Info: Hyper index ON on input line 6035.
Package hyperref Info: backreferencing OFF on input line 6042.
Package hyperref Info: Link coloring OFF on input line 6047.
Package hyperref Info: Link coloring with OCG OFF on input line 6052.
Package hyperref Info: PDF/A mode OFF on input line 6057.

(C:\Program Files\MiKTeX\tex/latex/base\atbegshi-ltx.sty
Package: atbegshi-ltx 2021/01/10 v1.0c Emulation of the original atbegshi
package with kernel methods
)
\Hy@abspage=\count268
\c@Item=\count269
\c@Hfootnote=\count270
)
Package hyperref Info: Driver (autodetected): hpdftex.

(C:\Program Files\MiKTeX\tex/latex/hyperref\hpdftex.def
File: hpdftex.def 2022-09-22 v7.00t Hyperref driver for pdfTeX

(C:\Program Files\MiKTeX\tex/latex/base\atveryend-ltx.sty
Package: atveryend-ltx 2020/08/19 v1.0a Emulation of the original atveryend pac
kage
with kernel methods
)
\Fld@listcount=\count271
\c@bookmark@seq@number=\count272

(C:\Program Files\MiKTeX\tex/latex/rerunfilecheck\rerunfilecheck.sty
Package: rerunfilecheck 2022-07-10 v1.10 Rerun checks for auxiliary files (HO)

(C:\Program Files\MiKTeX\tex/generic/uniquecounter\uniquecounter.sty
Package: uniquecounter 2019/12/15 v1.4 Provide unlimited unique counter (HO)
)
Package uniquecounter Info: New unique counter `rerunfilecheck' on input line 2
85.
)
\Hy@SectionHShift=\skip49
)
(C:\Program Files\MiKTeX\tex/latex/amsmath\amsmath.sty
Package: amsmath 2022/04/08 v2.17n AMS math features
\@mathmargin=\skip50

For additional information on amsmath, use the `?' option.
(C:\Program Files\MiKTeX\tex/latex/amsmath\amstext.sty
Package: amstext 2021/08/26 v2.01 AMS text

(C:\Program Files\MiKTeX\tex/latex/amsmath\amsgen.sty
File: amsgen.sty 1999/11/30 v2.0 generic functions
\@emptytoks=\toks18
\ex@=\dimen155
))
(C:\Program Files\MiKTeX\tex/latex/amsmath\amsbsy.sty
Package: amsbsy 1999/11/29 v1.2d Bold Symbols
\pmbraise@=\dimen156
)
(C:\Program Files\MiKTeX\tex/latex/amsmath\amsopn.sty
Package: amsopn 2022/04/08 v2.04 operator names
)
\inf@bad=\count273
LaTeX Info: Redefining \frac on input line 234.
\uproot@=\count274
\leftroot@=\count275
LaTeX Info: Redefining \overline on input line 399.
LaTeX Info: Redefining \colon on input line 410.
\classnum@=\count276
\DOTSCASE@=\count277
LaTeX Info: Redefining \ldots on input line 496.
LaTeX Info: Redefining \dots on input line 499.
LaTeX Info: Redefining \cdots on input line 620.
\Mathstrutbox@=\box51
\strutbox@=\box52
LaTeX Info: Redefining \big on input line 722.
LaTeX Info: Redefining \Big on input line 723.
LaTeX Info: Redefining \bigg on input line 724.
LaTeX Info: Redefining \Bigg on input line 725.
\big@size=\dimen157
LaTeX Font Info:    Redeclaring font encoding OML on input line 743.
LaTeX Font Info:    Redeclaring font encoding OMS on input line 744.
\macc@depth=\count278
LaTeX Info: Redefining \bmod on input line 905.
LaTeX Info: Redefining \pmod on input line 910.
LaTeX Info: Redefining \smash on input line 940.
LaTeX Info: Redefining \relbar on input line 970.
LaTeX Info: Redefining \Relbar on input line 971.
\c@MaxMatrixCols=\count279
\dotsspace@=\muskip17
\c@parentequation=\count280
\dspbrk@lvl=\count281
\tag@help=\toks19
\row@=\count282
\column@=\count283
\maxfields@=\count284
\andhelp@=\toks20
\eqnshift@=\dimen158
\alignsep@=\dimen159
\tagshift@=\dimen160
\tagwidth@=\dimen161
\totwidth@=\dimen162
\lineht@=\dimen163
\@envbody=\toks21
\multlinegap=\skip51
\multlinetaggap=\skip52
\mathdisplay@stack=\toks22
LaTeX Info: Redefining \[ on input line 2953.
LaTeX Info: Redefining \] on input line 2954.
)
(C:\Program Files\MiKTeX\tex/latex/amsfonts\amsfonts.sty
Package: amsfonts 2013/01/14 v3.01 Basic AMSFonts support
\symAMSa=\mathgroup4
\symAMSb=\mathgroup5
LaTeX Font Info:    Redeclaring math symbol \hbar on input line 98.
LaTeX Font Info:    Overwriting math alphabet `\mathfrak' in version `bold'
(Font)                  U/euf/m/n --> U/euf/b/n on input line 106.
)
(C:\Program Files\MiKTeX\tex/latex/caption\subcaption.sty
Package: subcaption 2023/07/28 v1.6b Sub-captions (AR)

(C:\Program Files\MiKTeX\tex/latex/caption\caption.sty
Package: caption 2023/08/05 v3.6o Customizing captions (AR)

(C:\Program Files\MiKTeX\tex/latex/caption\caption3.sty
Package: caption3 2023/07/31 v2.4d caption3 kernel (AR)
\caption@tempdima=\dimen164
\captionmargin=\dimen165
\caption@leftmargin=\dimen166
\caption@rightmargin=\dimen167
\caption@width=\dimen168
\caption@indent=\dimen169
\caption@parindent=\dimen170
\caption@hangindent=\dimen171
Package caption Info: Standard document class detected.
)
\c@caption@flags=\count285
\c@continuedfloat=\count286
Package caption Info: hyperref package is loaded.
)
Package caption Info: New subtype `subfigure' on input line 238.
\c@subfigure=\count287
Package caption Info: New subtype `subtable' on input line 238.
\c@subtable=\count288
)
(C:\Program Files\MiKTeX\tex/latex/l3backend\l3backend-pdftex.def
File: l3backend-pdftex.def 2022-08-30 L3 backend support: PDF output (pdfTeX)
\l__color_backend_stack_int=\count289
\l__pdf_internal_box=\box53
)
(Optimizing a High-Dimension Compartment ODE Model - v2.aux)
\openout1 = `"Optimizing a High-Dimension Compartment ODE Model - v2.aux"'.

LaTeX Font Info:    Checking defaults for OML/cmm/m/it on input line 12.
LaTeX Font Info:    ... okay on input line 12.
LaTeX Font Info:    Checking defaults for OMS/cmsy/m/n on input line 12.
LaTeX Font Info:    ... okay on input line 12.
LaTeX Font Info:    Checking defaults for OT1/cmr/m/n on input line 12.
LaTeX Font Info:    ... okay on input line 12.
LaTeX Font Info:    Checking defaults for T1/cmr/m/n on input line 12.
LaTeX Font Info:    ... okay on input line 12.
LaTeX Font Info:    Checking defaults for TS1/cmr/m/n on input line 12.
LaTeX Font Info:    ... okay on input line 12.
LaTeX Font Info:    Checking defaults for OMX/cmex/m/n on input line 12.
LaTeX Font Info:    ... okay on input line 12.
LaTeX Font Info:    Checking defaults for U/cmr/m/n on input line 12.
LaTeX Font Info:    ... okay on input line 12.
LaTeX Font Info:    Checking defaults for PD1/pdf/m/n on input line 12.
LaTeX Font Info:    ... okay on input line 12.
LaTeX Font Info:    Checking defaults for PU/pdf/m/n on input line 12.
LaTeX Font Info:    ... okay on input line 12.

*geometry* driver: auto-detecting
*geometry* detected driver: pdftex
*geometry* verbose mode - [ preamble ] result:
* driver: pdftex
* paper: <default>
* layout: <same size as paper>
* layoutoffset:(h,v)=(0.0pt,0.0pt)
* modes: 
* h-part:(L,W,R)=(90.3375pt, 433.62001pt, 90.3375pt)
* v-part:(T,H,B)=(72.26999pt, 650.43001pt, 72.26999pt)
* \paperwidth=614.295pt
* \paperheight=794.96999pt
* \textwidth=433.62001pt
* \textheight=650.43001pt
* \oddsidemargin=18.0675pt
* \evensidemargin=18.0675pt
* \topmargin=-37.0pt
* \headheight=12.0pt
* \headsep=25.0pt
* \topskip=10.0pt
* \footskip=30.0pt
* \marginparwidth=65.0pt
* \marginparsep=11.0pt
* \columnsep=10.0pt
* \skip\footins=9.0pt plus 4.0pt minus 2.0pt
* \hoffset=0.0pt
* \voffset=0.0pt
* \mag=1000
* \@twocolumnfalse
* \@twosidefalse
* \@mparswitchfalse
* \@reversemarginfalse
* (1in=72.27pt=25.4mm, 1cm=28.453pt)

(C:\Program Files\MiKTeX\tex/context/base/mkii\supp-pdf.mkii
[Loading MPS to PDF converter (version 2006.09.02).]
\scratchcounter=\count290
\scratchdimen=\dimen172
\scratchbox=\box54
\nofMPsegments=\count291
\nofMParguments=\count292
\everyMPshowfont=\toks23
\MPscratchCnt=\count293
\MPscratchDim=\dimen173
\MPnumerator=\count294
\makeMPintoPDFobject=\count295
\everyMPtoPDFconversion=\toks24
) (C:\Program Files\MiKTeX\tex/latex/epstopdf-pkg\epstopdf-base.sty
Package: epstopdf-base 2020-01-24 v2.11 Base part for package epstopdf
Package epstopdf-base Info: Redefining graphics rule for `.eps' on input line 4
85.

(C:\Program Files\MiKTeX\tex/latex/00miktex\epstopdf-sys.cfg
File: epstopdf-sys.cfg 2021/03/18 v2.0 Configuration of epstopdf for MiKTeX
))
Package hyperref Info: Link coloring OFF on input line 12.

(Optimizing a High-Dimension Compartment ODE Model - v2.out)
(Optimizing a High-Dimension Compartment ODE Model - v2.out)
\@outlinefile=\write3
\openout3 = `"Optimizing a High-Dimension Compartment ODE Model - v2.out"'.

Package caption Info: Begin \AtBeginDocument code.
Package caption Info: End \AtBeginDocument code.
LaTeX Font Info:    Trying to load font information for U+msa on input line 29.


(C:\Program Files\MiKTeX\tex/latex/amsfonts\umsa.fd
File: umsa.fd 2013/01/14 v3.01 AMS symbols A
)
LaTeX Font Info:    Trying to load font information for U+msb on input line 29.


(C:\Program Files\MiKTeX\tex/latex/amsfonts\umsb.fd
File: umsb.fd 2013/01/14 v3.01 AMS symbols B
)
<xeltr flow diagram.png, id=78, 651.93562pt x 153.57375pt>
File: xeltr flow diagram.png Graphic file (type png)
<use xeltr flow diagram.png>
Package pdftex.def Info: xeltr flow diagram.png  used on input line 41.
(pdftex.def)             Requested size: 260.76962pt x 61.4284pt.
 [1

{C:/Users/Jeremy Chiu/AppData/Local/MiKTeX/fonts/map/pdftex/pdftex.map} <./xelt
r flow diagram.png>]
<foreignBornData.png, id=103, 421.575pt x 316.0608pt>
File: foreignBornData.png Graphic file (type png)
<use foreignBornData.png>
Package pdftex.def Info: foreignBornData.png  used on input line 52.
(pdftex.def)             Requested size: 252.94695pt x 189.63794pt.
LaTeX Font Info:    Font shape `OT1/cmtt/bx/n' in size <14.4> not available
(Font)              Font shape `OT1/cmtt/m/n' tried instead on input line 72.
<PopVsTime_optimized.png, id=106, 421.575pt x 316.0608pt>
File: PopVsTime_optimized.png Graphic file (type png)
<use PopVsTime_optimized.png>
Package pdftex.def Info: PopVsTime_optimized.png  used on input line 80.
(pdftex.def)             Requested size: 252.94695pt x 189.63794pt.

[2 <./foreignBornData.png (PNG copy)>]
<Sensitivty_w Run 2.png, id=115, 421.575pt x 316.0608pt>
File: Sensitivty_w Run 2.png Graphic file (type png)
<use Sensitivty_w Run 2.png>
Package pdftex.def Info: Sensitivty_w Run 2.png  used on input line 96.
(pdftex.def)             Requested size: 205.97214pt x 154.42264pt.
<Sensitivty_v Run 2.png, id=116, 421.575pt x 316.0608pt>
File: Sensitivty_v Run 2.png Graphic file (type png)
<use Sensitivty_v Run 2.png>
Package pdftex.def Info: Sensitivty_v Run 2.png  used on input line 101.
(pdftex.def)             Requested size: 205.97214pt x 154.42264pt.
<Sensitivty_E0 Run 2.png, id=117, 421.575pt x 316.0608pt>
File: Sensitivty_E0 Run 2.png Graphic file (type png)
<use Sensitivty_E0 Run 2.png>
Package pdftex.def Info: Sensitivty_E0 Run 2.png  used on input line 107.
(pdftex.def)             Requested size: 205.97214pt x 154.42264pt.
<Sensitivty_L0 Run 2.png, id=118, 421.575pt x 316.0608pt>
File: Sensitivty_L0 Run 2.png Graphic file (type png)
<use Sensitivty_L0 Run 2.png>
Package pdftex.def Info: Sensitivty_L0 Run 2.png  used on input line 112.
(pdftex.def)             Requested size: 205.97214pt x 154.42264pt.


LaTeX Warning: Command \L invalid in math mode on input line 115.


LaTeX Warning: Command \L invalid in math mode on input line 115.

<Optimized parameter distribution across sensitivity analysis Run 2.png, id=122
, 421.575pt x 316.0608pt>
File: Optimized parameter distribution across sensitivity analysis Run 2.png Gr
aphic file (type png)
<use Optimized parameter distribution across sensitivity analysis Run 2.png>
Package pdftex.def Info: Optimized parameter distribution across sensitivity an
alysis Run 2.png  used on input line 140.
(pdftex.def)             Requested size: 195.12767pt x 146.29156pt.
<Optimized parameter log sorted with starting values Run 2.png, id=123, 421.575
pt x 316.0608pt>
File: Optimized parameter log sorted with starting values Run 2.png Graphic fil
e (type png)
<use Optimized parameter log sorted with starting values Run 2.png>
Package pdftex.def Info: Optimized parameter log sorted with starting values Ru
n 2.png  used on input line 140.
(pdftex.def)             Requested size: 195.12767pt x 146.29156pt.
[3 <./PopVsTime_optimized.png (PNG copy)>] [4 <./Sensitivty_w Run 2.png (PNG co
py)> <./Sensitivty_v Run 2.png (PNG copy)> <./Sensitivty_E0 Run 2.png (PNG copy
)> <./Sensitivty_L0 Run 2.png (PNG copy)> <./Optimized parameter distribution a
cross sensitivity analysis Run 2.png (PNG copy)> <./Optimized parameter log sor
ted with starting values Run 2.png (PNG copy)>]
<ScatterPlotErrorVsOptimalOutput_Cut2.png, id=139, 1445.4pt x 732.336pt>
File: ScatterPlotErrorVsOptimalOutput_Cut2.png Graphic file (type png)
<use ScatterPlotErrorVsOptimalOutput_Cut2.png>
Package pdftex.def Info: ScatterPlotErrorVsOptimalOutput_Cut2.png  used on inpu
t line 155.
(pdftex.def)             Requested size: 346.89732pt x 175.75305pt.
<ScatterPlotErrorVsOptimalOutput_Cut3.png, id=140, 1445.4pt x 732.336pt>
File: ScatterPlotErrorVsOptimalOutput_Cut3.png Graphic file (type png)
<use ScatterPlotErrorVsOptimalOutput_Cut3.png>
Package pdftex.def Info: ScatterPlotErrorVsOptimalOutput_Cut3.png  used on inpu
t line 158.
(pdftex.def)             Requested size: 346.89732pt x 175.75305pt.
 [5 <./ScatterPlotErrorVsOptimalOutput_Cut2.png (PNG copy)> <./ScatterPlotError
VsOptimalOutput_Cut3.png (PNG copy)>]
<PopVsTime_various.png, id=150, 1433.355pt x 742.9356pt>
File: PopVsTime_various.png Graphic file (type png)
<use PopVsTime_various.png>
Package pdftex.def Info: PopVsTime_various.png  used on input line 187.
(pdftex.def)             Requested size: 433.62001pt x 224.75288pt.


Package hyperref Warning: Token not allowed in a PDF string (Unicode):
(hyperref)                removing `math shift' on input line 196.


Package hyperref Warning: Token not allowed in a PDF string (Unicode):
(hyperref)                removing `subscript' on input line 196.


Package hyperref Warning: Token not allowed in a PDF string (Unicode):
(hyperref)                removing `math shift' on input line 196.


Package hyperref Warning: Token not allowed in a PDF string (Unicode):
(hyperref)                removing `math shift' on input line 196.


Package hyperref Warning: Token not allowed in a PDF string (Unicode):
(hyperref)                removing `subscript' on input line 196.


Package hyperref Warning: Token not allowed in a PDF string (Unicode):
(hyperref)                removing `math shift' on input line 196.

<Optimized parameter distribution across sensitivity analysis run4.png, id=152,
 1445.4pt x 732.336pt>
File: Optimized parameter distribution across sensitivity analysis run4.png Gra
phic file (type png)
<use Optimized parameter distribution across sensitivity analysis run4.png>
Package pdftex.def Info: Optimized parameter distribution across sensitivity an
alysis run4.png  used on input line 205.
(pdftex.def)             Requested size: 195.12767pt x 98.86108pt.
<Optimized parameter log sorted with starting values run4.png, id=153, 421.575p
t x 316.0608pt>
File: Optimized parameter log sorted with starting values run4.png Graphic file
 (type png)
<use Optimized parameter log sorted with starting values run4.png>
Package pdftex.def Info: Optimized parameter log sorted with starting values ru
n4.png  used on input line 205.
(pdftex.def)             Requested size: 195.12767pt x 146.29156pt.
<Sensitivty_L0 run4.png, id=154, 421.575pt x 316.0608pt>
File: Sensitivty_L0 run4.png Graphic file (type png)
<use Sensitivty_L0 run4.png>
Package pdftex.def Info: Sensitivty_L0 run4.png  used on input line 210.
(pdftex.def)             Requested size: 205.97214pt x 154.42264pt.
<Sensitivty_q2 run4.png, id=155, 421.575pt x 316.0608pt>
File: Sensitivty_q2 run4.png Graphic file (type png)
<use Sensitivty_q2 run4.png>
Package pdftex.def Info: Sensitivty_q2 run4.png  used on input line 215.
(pdftex.def)             Requested size: 205.97214pt x 154.42264pt.

Package hyperref Warning: Token not allowed in a PDF string (Unicode):
(hyperref)                removing `math shift' on input line 222.


Package hyperref Warning: Token not allowed in a PDF string (Unicode):
(hyperref)                removing `\omega' on input line 222.


Package hyperref Warning: Token not allowed in a PDF string (Unicode):
(hyperref)                removing `math shift' on input line 222.


Package hyperref Warning: Token not allowed in a PDF string (Unicode):
(hyperref)                removing `math shift' on input line 222.


Package hyperref Warning: Token not allowed in a PDF string (Unicode):
(hyperref)                removing `\nu' on input line 222.


Package hyperref Warning: Token not allowed in a PDF string (Unicode):
(hyperref)                removing `math shift' on input line 222.


Package hyperref Warning: Token not allowed in a PDF string (Unicode):
(hyperref)                removing `math shift' on input line 222.


Package hyperref Warning: Token not allowed in a PDF string (Unicode):
(hyperref)                removing `subscript' on input line 222.


Package hyperref Warning: Token not allowed in a PDF string (Unicode):
(hyperref)                removing `math shift' on input line 222.


Package hyperref Warning: Token not allowed in a PDF string (Unicode):
(hyperref)                removing `math shift' on input line 222.


Package hyperref Warning: Token not allowed in a PDF string (Unicode):
(hyperref)                removing `subscript' on input line 222.


Package hyperref Warning: Token not allowed in a PDF string (Unicode):
(hyperref)                removing `math shift' on input line 222.

[6 <./PopVsTime_various.png (PNG copy)>] [7 <./Optimized parameter distribution
 across sensitivity analysis run4.png (PNG copy)> <./Optimized parameter log so
rted with starting values run4.png (PNG copy)> <./Sensitivty_L0 run4.png (PNG c
opy)> <./Sensitivty_q2 run4.png (PNG copy)>]
<Sensitivty_wRun5.png, id=176, 421.575pt x 316.0608pt>
File: Sensitivty_wRun5.png Graphic file (type png)
<use Sensitivty_wRun5.png>
Package pdftex.def Info: Sensitivty_wRun5.png  used on input line 233.
(pdftex.def)             Requested size: 205.97214pt x 154.42264pt.
<Sensitivty_vRun5.png, id=177, 421.575pt x 316.0608pt>
File: Sensitivty_vRun5.png Graphic file (type png)
<use Sensitivty_vRun5.png>
Package pdftex.def Info: Sensitivty_vRun5.png  used on input line 238.
(pdftex.def)             Requested size: 205.97214pt x 154.42264pt.
<Sensitivty_q1Run5.png, id=178, 421.575pt x 316.0608pt>
File: Sensitivty_q1Run5.png Graphic file (type png)
<use Sensitivty_q1Run5.png>
Package pdftex.def Info: Sensitivty_q1Run5.png  used on input line 244.
(pdftex.def)             Requested size: 205.97214pt x 154.42264pt.
<Sensitivty_q2Run5.png, id=179, 421.575pt x 316.0608pt>
File: Sensitivty_q2Run5.png Graphic file (type png)
<use Sensitivty_q2Run5.png>
Package pdftex.def Info: Sensitivty_q2Run5.png  used on input line 249.
(pdftex.def)             Requested size: 205.97214pt x 154.42264pt.
<Optimized parameter distribution across sensitivity analysisRun5.png, id=181, 
421.575pt x 316.0608pt>
File: Optimized parameter distribution across sensitivity analysisRun5.png Grap
hic file (type png)
<use Optimized parameter distribution across sensitivity analysisRun5.png>
Package pdftex.def Info: Optimized parameter distribution across sensitivity an
alysisRun5.png  used on input line 260.
(pdftex.def)             Requested size: 433.62001pt x 325.09775pt.
LaTeX Font Info:    Font shape `OT1/cmtt/bx/n' in size <12> not available
(Font)              Font shape `OT1/cmtt/m/n' tried instead on input line 267.
 [8 <./Sensitivty_wRun5.png (PNG copy)> <./Sensitivty_vRun5.png (PNG copy)> <./
Sensitivty_q1Run5.png (PNG copy)> <./Sensitivty_q2Run5.png (PNG copy)>] [9 <./O
ptimized parameter distribution across sensitivity analysisRun5.png (PNG copy)>
]
<Optimized parameter distribution across sensitivity analysis Run7Normalization
.png, id=193, 1445.4pt x 732.336pt>
File: Optimized parameter distribution across sensitivity analysis Run7Normaliz
ation.png Graphic file (type png)
<use Optimized parameter distribution across sensitivity analysis Run7Normaliza
tion.png>
Package pdftex.def Info: Optimized parameter distribution across sensitivity an
alysis Run7Normalization.png  used on input line 329.
(pdftex.def)             Requested size: 433.62001pt x 219.70248pt.
 [10] [11 <./Optimized parameter distribution across sensitivity analysis Run7N
ormalization.png (PNG copy)>]
(Optimizing a High-Dimension Compartment ODE Model - v2.bbl [12]) [13]
(Optimizing a High-Dimension Compartment ODE Model - v2.aux)
Package rerunfilecheck Info: File `"Optimizing a High-Dimension Compartment ODE
 Model - v2".out' has not changed.
(rerunfilecheck)             Checksum: CBEC930B9DF60B3A031434E6A1B427D1;3665.
 ) 
Here is how much of TeX's memory you used:
 11159 strings out of 475389
 185340 string characters out of 2786795
 532393 words of memory out of 3000000
 32320 multiletter control sequences out of 15000+600000
 480812 words of font info for 74 fonts, out of 8000000 for 9000
 1141 hyphenation exceptions out of 8191
 72i,9n,77p,875b,559s stack positions out of 10000i,1000n,20000p,200000b,80000s
 <C:\Users\Jeremy Chiu\AppData\Local\MiKTeX\fonts/pk/ljfour/jknappen/ec/dpi60
0\tcrm1000.pk><C:/Program Files/MiKTeX/fonts/type1/public/amsfonts/cm/cmbx10.pf
b><C:/Program Files/MiKTeX/fonts/type1/public/amsfonts/cm/cmbx12.pfb><C:/Progra
m Files/MiKTeX/fonts/type1/public/amsfonts/cm/cmex10.pfb><C:/Program Files/MiKT
eX/fonts/type1/public/amsfonts/cm/cmmi10.pfb><C:/Program Files/MiKTeX/fonts/typ
e1/public/amsfonts/cm/cmmi12.pfb><C:/Program Files/MiKTeX/fonts/type1/public/am
sfonts/cm/cmmi7.pfb><C:/Program Files/MiKTeX/fonts/type1/public/amsfonts/cm/cmr
10.pfb><C:/Program Files/MiKTeX/fonts/type1/public/amsfonts/cm/cmr12.pfb><C:/Pr
ogram Files/MiKTeX/fonts/type1/public/amsfonts/cm/cmr5.pfb><C:/Program Files/Mi
KTeX/fonts/type1/public/amsfonts/cm/cmr7.pfb><C:/Program Files/MiKTeX/fonts/typ
e1/public/amsfonts/cm/cmr8.pfb><C:/Program Files/MiKTeX/fonts/type1/public/amsf
onts/cm/cmsy10.pfb><C:/Program Files/MiKTeX/fonts/type1/public/amsfonts/cm/cmsy
7.pfb><C:/Program Files/MiKTeX/fonts/type1/public/amsfonts/cm/cmti10.pfb><C:/Pr
ogram Files/MiKTeX/fonts/type1/public/amsfonts/cm/cmtt10.pfb><C:/Program Files/
MiKTeX/fonts/type1/public/amsfonts/cm/cmtt12.pfb><C:/Program Files/MiKTeX/fonts
/type1/public/amsfonts/symbols/msbm10.pfb>
Output written on "Optimizing a High-Dimension Compartment ODE Model - v2.pdf" 
(13 pages, 2887480 bytes).
PDF statistics:
 318 PDF objects out of 1000 (max. 8388607)
 62 named destinations out of 1000 (max. 500000)
 255 words of extra memory for PDF output out of 10000 (max. 10000000)

